\BOOKMARK [1][-]{section.1}{\376\377\0001\000.\000\040\000I\000n\000t\000r\000o\000d\000u\000c\000t\000i\000o\000n}{}% 1
\BOOKMARK [2][-]{subsection.1.1}{\376\377\0001\000.\0001\000.\000\040\000F\000l\000a\000g\000\040\000v\000a\000r\000i\000e\000t\000i\000e\000s}{section.1}% 2
\BOOKMARK [2][-]{subsection.1.2}{\376\377\0001\000.\0002\000.\000\040\000R\000e\000d\000u\000c\000i\000b\000l\000e\000\040\000f\000l\000a\000g\000\040\000v\000a\000r\000i\000e\000t\000i\000e\000s}{section.1}% 3
\BOOKMARK [2][-]{subsection.1.3}{\376\377\0001\000.\0003\000.\000\040\000C\000o\000m\000i\000n\000u\000s\000c\000u\000l\000e\000\040\000v\000a\000r\000i\000e\000t\000i\000e\000s}{section.1}% 4
\BOOKMARK [2][-]{subsection.1.4}{\376\377\0001\000.\0004\000.\000\040\000S\000t\000r\000u\000c\000t\000u\000r\000e\000\040\000o\000f\000\040\000l\000i\000n\000e\000a\000r\000\040\000a\000l\000g\000e\000b\000r\000a\000i\000c\000\040\000g\000r\000o\000u\000p\000s}{section.1}% 5
\BOOKMARK [2][-]{subsection.1.5}{\376\377\0001\000.\0005\000.\000\040\000P\000a\000r\000a\000b\000o\000l\000i\000c\000\040\000s\000u\000b\000g\000r\000o\000u\000p\000s}{section.1}% 6
\BOOKMARK [2][-]{subsection.1.6}{\376\377\0001\000.\0006\000.\000\040\000O\000p\000p\000o\000s\000i\000t\000e\000\040\000p\000a\000r\000a\000b\000o\000l\000i\000c\000\040\000s\000u\000b\000g\000r\000o\000u\000p\000s}{section.1}% 7
\BOOKMARK [2][-]{subsection.1.7}{\376\377\0001\000.\0007\000.\000\040\000D\000e\000f\000i\000n\000i\000t\000i\000o\000n\000\040\000o\000f\000\040\000t\000h\000e\000\040\000a\000s\000s\000o\000c\000i\000a\000t\000e\000d\000\040\000c\000o\000m\000i\000n\000u\000s\000c\000u\000l\000e}{section.1}% 8
\BOOKMARK [2][-]{subsection.1.8}{\376\377\0001\000.\0008\000.\000\040\000E\000x\000a\000m\000p\000l\000e\000:\000\040\000t\000h\000e\000\040\000g\000e\000n\000e\000r\000a\000l\000\040\000l\000i\000n\000e\000a\000r\000\040\000f\000l\000a\000g\000\040\000v\000a\000r\000i\000e\000t\000y}{section.1}% 9
\BOOKMARK [2][-]{subsection.1.9}{\376\377\0001\000.\0009\000.\000\040\000F\000i\000n\000d\000i\000n\000g\000\040\000t\000h\000e\000\040\000a\000s\000s\000o\000c\000i\000a\000t\000e\000d\000\040\000c\000o\000m\000i\000n\000u\000s\000c\000u\000l\000e\000\040\000s\000u\000b\000v\000a\000r\000i\000e\000t\000y}{section.1}% 10
\BOOKMARK [2][-]{subsection.1.10}{\376\377\0001\000.\0001\0000\000.\000\040\000W\000h\000y\000\040\000t\000h\000e\000\040\000a\000s\000s\000o\000c\000i\000a\000t\000e\000d\000\040\000c\000o\000m\000i\000n\000u\000s\000c\000u\000l\000e\000\040\000s\000u\000b\000v\000a\000r\000i\000e\000t\000y\000\040\000m\000a\000t\000t\000e\000r\000s}{section.1}% 11
\BOOKMARK [1][-]{section.2}{\376\377\0002\000.\000\040\000S\000t\000a\000t\000e\000m\000e\000n\000t\000\040\000o\000f\000\040\000t\000h\000e\000\040\000m\000a\000i\000n\000\040\000t\000h\000e\000o\000r\000e\000m}{}% 12
\BOOKMARK [1][-]{section.3}{\376\377\0003\000.\000\040\000R\000e\000d\000u\000c\000i\000n\000g\000\040\000t\000o\000\040\000r\000o\000o\000t\000\040\000s\000y\000s\000t\000e\000m\000s}{}% 13
\BOOKMARK [2][-]{subsection.3.1}{\376\377\0003\000.\0001\000.\000\040\000G\000r\000a\000d\000i\000n\000g\000s}{section.3}% 14
\BOOKMARK [2][-]{subsection.3.2}{\376\377\0003\000.\0002\000.\000\040\000T\000h\000e\000\040\000b\000o\000x\000\040\000a\000n\000d\000\040\000t\000h\000e\000\040\000L\000i\000e\000\040\000a\000l\000g\000e\000b\000r\000a}{section.3}% 15
\BOOKMARK [2][-]{subsection.3.3}{\376\377\0003\000.\0003\000.\000\040\000A\000s\000s\000o\000c\000i\000a\000t\000e\000d\000\040\000c\000o\000m\000i\000n\000u\000s\000c\000u\000l\000e\000s\000\040\000i\000n\000\040\000r\000a\000n\000k\000\040\0002}{section.3}% 16
\BOOKMARK [1][-]{section.4}{\376\377\0004\000.\000\040\000T\000h\000e\000\040\000a\000s\000s\000o\000c\000i\000a\000t\000e\000d\000\040\000c\000o\000m\000i\000n\000u\000s\000c\000u\000l\000e\000\040\000i\000s\000\040\000c\000o\000m\000i\000n\000u\000s\000c\000u\000l\000e}{}% 17
\BOOKMARK [2][-]{subsection.4.1}{\376\377\0004\000.\0001\000.\000\040\000A\000u\000t\000o\000m\000o\000r\000p\000h\000i\000s\000m\000s\000\040\000o\000f\000\040\000t\000h\000e\000\040\000a\000s\000s\000o\000c\000i\000a\000t\000e\000d\000\040\000c\000o\000m\000i\000n\000u\000s\000c\000u\000l\000e}{section.4}% 18
\BOOKMARK [2][-]{subsection.4.2}{\376\377\0004\000.\0002\000.\000\040\000C\000o\000m\000p\000u\000t\000i\000n\000g\000\040\000t\000h\000e\000\040\000a\000u\000t\000o\000m\000o\000r\000p\000h\000i\000s\000m\000\040\000L\000i\000e\000\040\000a\000l\000g\000e\000b\000r\000a}{section.4}% 19
\BOOKMARK [1][-]{section.5}{\376\377\0005\000.\000\040\000T\000h\000e\000\040\000H\000a\000s\000s\000e\000\040\000d\000i\000a\000g\000r\000a\000m\000\040\000o\000f\000\040\000a\000\040\000r\000o\000o\000t\000\040\000s\000y\000s\000t\000e\000m}{}% 20
\BOOKMARK [1][-]{section.6}{\376\377\0006\000.\000\040\000H\000o\000m\000o\000g\000e\000n\000e\000o\000u\000s\000\040\000v\000e\000c\000t\000o\000r\000\040\000b\000u\000n\000d\000l\000e\000s}{}% 21
\BOOKMARK [2][-]{subsection.6.1}{\376\377\0006\000.\0001\000.\000\040\000F\000i\000l\000t\000r\000a\000t\000i\000o\000n\000\040\000a\000n\000d\000\040\000g\000r\000a\000d\000i\000n\000g}{section.6}% 22
\BOOKMARK [2][-]{subsection.6.2}{\376\377\0006\000.\0002\000.\000\040\000T\000h\000e\000\040\000H\000a\000s\000s\000e\000\040\000d\000i\000a\000g\000r\000a\000m\000\040\000o\000f\000\040\000a\000\040\000f\000l\000a\000g\000\040\000v\000a\000r\000i\000e\000t\000y}{section.6}% 23
\BOOKMARK [2][-]{subsection.6.3}{\376\377\0006\000.\0003\000.\000\040\000T\000h\000e\000\040\000H\000a\000s\000s\000e\000\040\000d\000i\000a\000g\000r\000a\000m\000\040\000o\000f\000\040\000a\000\040\000c\000o\000m\000i\000n\000u\000s\000c\000u\000l\000e\000\040\000v\000a\000r\000i\000e\000t\000y}{section.6}% 24
\BOOKMARK [1][-]{section.7}{\376\377\0007\000.\000\040\000F\000i\000n\000d\000i\000n\000g\000\040\000t\000h\000e\000\040\000D\000y\000n\000k\000i\000n\000\040\000d\000i\000a\000g\000r\000a\000m\000\040\000o\000f\000\040\000t\000h\000e\000\040\000a\000s\000s\000o\000c\000i\000a\000t\000e\000d\000\040\000c\000o\000m\000i\000n\000u\000s\000c\000u\000l\000e}{}% 25
\BOOKMARK [2][-]{subsection.7.1}{\376\377\0007\000.\0001\000.\000\040\000T\000h\000e\000\040\000a\000l\000g\000o\000r\000i\000t\000h\000m}{section.7}% 26
\BOOKMARK [2][-]{subsection.7.2}{\376\377\0007\000.\0002\000.\000\040\000R\000e\000d\000u\000c\000i\000n\000g\000\040\000t\000o\000\040\000t\000h\000e\000\040\000i\000r\000r\000e\000d\000u\000c\000i\000b\000l\000e}{section.7}% 27
\BOOKMARK [2][-]{subsection.7.3}{\376\377\0007\000.\0003\000.\000\040\000F\000i\000n\000d\000i\000n\000g\000\040\000t\000h\000e\000\040\000b\000o\000x}{section.7}% 28
\BOOKMARK [2][-]{subsection.7.4}{\376\377\0007\000.\0004\000.\000\040\000T\000h\000e\000\040\000l\000o\000w\000e\000s\000t\000\040\000b\000o\000x\000\040\000r\000o\000o\000t}{section.7}% 29
\BOOKMARK [2][-]{subsection.7.5}{\376\377\0007\000.\0005\000.\000\040\000T\000h\000e\000\040\000L\000e\000v\000i\000\040\000D\000y\000n\000k\000i\000n\000\040\000d\000i\000a\000g\000r\000a\000m}{section.7}% 30
\BOOKMARK [2][-]{subsection.7.6}{\376\377\0007\000.\0006\000.\000\040\000E\000d\000g\000e\000\040\000m\000u\000l\000t\000i\000p\000l\000i\000c\000i\000t\000i\000e\000s}{section.7}% 31
\BOOKMARK [2][-]{subsection.7.7}{\376\377\0007\000.\0007\000.\000\040\000S\000y\000m\000m\000e\000t\000r\000y\000\040\000o\000f\000\040\000t\000h\000e\000\040\000b\000o\000x}{section.7}% 32
\BOOKMARK [2][-]{subsection.7.8}{\376\377\0007\000.\0008\000.\000\040\000U\000s\000i\000n\000g\000\040\000t\000h\000e\000\040\000s\000y\000m\000m\000e\000t\000r\000y}{section.7}% 33
\BOOKMARK [1][-]{section.8}{\376\377\0008\000.\000\040\000R\000e\000f\000i\000n\000i\000n\000g\000\040\000t\000h\000e\000\040\000f\000i\000l\000t\000r\000a\000t\000i\000o\000n\000s\000\040\000a\000n\000d\000\040\000g\000r\000a\000d\000i\000n\000g\000s}{}% 34
\BOOKMARK [2][-]{subsection.8.1}{\376\377\0008\000.\0001\000.\000\040\000T\000h\000e\000\040\000p\000r\000o\000b\000l\000e\000m}{section.8}% 35
\BOOKMARK [2][-]{subsection.8.2}{\376\377\0008\000.\0002\000.\000\040\000G\000r\000a\000d\000e\000d\000\040\000v\000e\000c\000t\000o\000r\000\040\000s\000p\000a\000c\000e\000s}{section.8}% 36
\BOOKMARK [2][-]{subsection.8.3}{\376\377\0008\000.\0003\000.\000\040\000G\000r\000a\000d\000i\000n\000g\000\040\000b\000y\000\040\000g\000r\000o\000u\000p\000s}{section.8}% 37
\BOOKMARK [2][-]{subsection.8.4}{\376\377\0008\000.\0004\000.\000\040\000G\000r\000a\000d\000e\000d\000\040\000L\000i\000e\000\040\000a\000l\000g\000e\000b\000r\000a\000s}{section.8}% 38
\BOOKMARK [2][-]{subsection.8.5}{\376\377\0008\000.\0005\000.\000\040\000G\000r\000a\000d\000e\000d\000\040\000m\000o\000d\000u\000l\000e\000s}{section.8}% 39
\BOOKMARK [2][-]{subsection.8.6}{\376\377\0008\000.\0006\000.\000\040\000F\000i\000l\000t\000e\000r\000e\000d\000\040\000v\000e\000c\000t\000o\000r\000\040\000s\000p\000a\000c\000e\000s}{section.8}% 40
\BOOKMARK [2][-]{subsection.8.7}{\376\377\0008\000.\0007\000.\000\040\000C\000h\000a\000n\000g\000i\000n\000g\000\040\000p\000a\000r\000t\000i\000a\000l\000\040\000o\000r\000d\000e\000r\000i\000n\000g}{section.8}% 41
\BOOKMARK [2][-]{subsection.8.8}{\376\377\0008\000.\0008\000.\000\040\000O\000r\000d\000e\000r\000e\000d\000\040\000g\000r\000o\000u\000p\000s}{section.8}% 42
\BOOKMARK [2][-]{subsection.8.9}{\376\377\0008\000.\0009\000.\000\040\000F\000i\000l\000t\000e\000r\000i\000n\000g\000\040\000b\000y\000\040\000o\000r\000d\000e\000r\000e\000d\000\040\000g\000r\000o\000u\000p\000s}{section.8}% 43
\BOOKMARK [2][-]{subsection.8.10}{\376\377\0008\000.\0001\0000\000.\000\040\000F\000i\000l\000t\000e\000r\000e\000d\000\040\000L\000i\000e\000\040\000a\000l\000g\000e\000b\000r\000a\000s}{section.8}% 44
\BOOKMARK [2][-]{subsection.8.11}{\376\377\0008\000.\0001\0001\000.\000\040\000F\000i\000l\000t\000e\000r\000e\000d\000\040\000m\000o\000d\000u\000l\000e\000s}{section.8}% 45
\BOOKMARK [2][-]{subsection.8.12}{\376\377\0008\000.\0001\0002\000.\000\040\000A\000u\000g\000m\000e\000n\000t\000a\000t\000i\000o\000n}{section.8}% 46
\BOOKMARK [2][-]{subsection.8.13}{\376\377\0008\000.\0001\0003\000.\000\040\000U\000n\000d\000e\000r\000l\000y\000i\000n\000g\000\040\000i\000n\000t\000e\000g\000e\000r\000\040\000f\000i\000l\000t\000r\000a\000t\000i\000o\000n}{section.8}% 47
\BOOKMARK [2][-]{subsection.8.14}{\376\377\0008\000.\0001\0004\000.\000\040\000U\000n\000d\000e\000r\000l\000y\000i\000n\000g\000\040\000i\000n\000t\000e\000g\000e\000r\000\040\000g\000r\000a\000d\000i\000n\000g}{section.8}% 48
\BOOKMARK [2][-]{subsection.8.15}{\376\377\0008\000.\0001\0005\000.\000\040\000F\000l\000a\000g\000\040\000v\000a\000r\000i\000e\000t\000i\000e\000s\000\040\000a\000n\000d\000\040\000f\000i\000l\000t\000r\000a\000t\000i\000o\000n\000s}{section.8}% 49
\BOOKMARK [2][-]{subsection.8.16}{\376\377\0008\000.\0001\0006\000.\000\040\000H\000a\000s\000s\000e\000\040\000d\000i\000a\000g\000r\000a\000m\000s\000\040\000o\000f\000\040\000h\000o\000m\000o\000g\000e\000n\000e\000o\000u\000s\000\040\000v\000e\000c\000t\000o\000r\000\040\000b\000u\000n\000d\000l\000e\000s}{section.8}% 50
\BOOKMARK [2][-]{subsection.8.17}{\376\377\0008\000.\0001\0007\000.\000\040\000T\000h\000e\000\040\000a\000s\000s\000o\000c\000i\000a\000t\000e\000d\000\040\000g\000r\000a\000d\000e\000d\000\040\000a\000s\000\040\000a\000\040\000m\000o\000d\000u\000l\000e}{section.8}% 51
\BOOKMARK [2][-]{subsection.8.18}{\376\377\0008\000.\0001\0008\000.\000\040\000T\000h\000e\000\040\000H\000a\000s\000s\000e\000\040\000d\000i\000a\000g\000r\000a\000m\000\040\000a\000n\000d\000\040\000i\000r\000r\000e\000d\000u\000c\000i\000b\000l\000e\000s}{section.8}% 52
\BOOKMARK [1][-]{section.9}{\376\377\0009\000.\000\040\000A\000p\000p\000e\000n\000d\000i\000x\000:\000\040\000f\000r\000e\000e\000d\000o\000m}{}% 53
\BOOKMARK [2][-]{subsection.9.1}{\376\377\0009\000.\0001\000.\000\040\000D\000e\000f\000i\000n\000i\000n\000g\000\040\000f\000r\000e\000e\000d\000o\000m}{section.9}% 54
\BOOKMARK [2][-]{subsection.9.2}{\376\377\0009\000.\0002\000.\000\040\000F\000r\000e\000e\000\040\000m\000o\000r\000p\000h\000i\000s\000m\000s}{section.9}% 55
\BOOKMARK [2][-]{subsection.9.3}{\376\377\0009\000.\0003\000.\000\040\000A\000u\000t\000o\000m\000o\000r\000p\000h\000i\000s\000m\000s}{section.9}% 56
\BOOKMARK [2][-]{subsection.9.4}{\376\377\0009\000.\0004\000.\000\040\000R\000o\000o\000t\000\040\000s\000y\000s\000t\000e\000m\000s}{section.9}% 57
\BOOKMARK [2][-]{subsection.9.5}{\376\377\0009\000.\0005\000.\000\040\000C\000h\000e\000v\000a\000l\000l\000e\000y\000\040\000b\000a\000s\000e\000s}{section.9}% 58
\BOOKMARK [2][-]{subsection.9.6}{\376\377\0009\000.\0006\000.\000\040\000D\000u\000a\000l\000\040\000b\000a\000s\000e\000s}{section.9}% 59
\BOOKMARK [2][-]{subsection.9.7}{\376\377\0009\000.\0007\000.\000\040\000P\000r\000o\000v\000i\000n\000g\000\040\000t\000h\000e\000\040\000f\000r\000e\000e\000d\000o\000m\000\040\000t\000h\000e\000o\000r\000e\000m\000s}{section.9}% 60
\BOOKMARK [1][-]{section.10}{\376\377\0001\0000\000.\000\040\000C\000o\000n\000c\000l\000u\000s\000i\000o\000n}{}% 61
\BOOKMARK [1][-]{section*.2}{\376\377\000R\000e\000f\000e\000r\000e\000n\000c\000e\000s}{}% 62
